/Users/gabrielnixonraj/Desktop/Untitled/SlackPipeline/Data/demo_hourly_generator.py:22: DeprecationWarning: datetime.datetime.utcnow() is deprecated and scheduled for removal in a future version. Use timezone-aware objects to represent datetimes in UTC: datetime.datetime.now(datetime.UTC).
  current_time = datetime.utcnow()
[main 1333347] Add demo_hourly_20250605T170719Z.json
 1 file changed, 13 insertions(+)
 create mode 100644 Data/hourly/demo_hourly_20250605T170719Z.json
To github.com:GabrielNixon/SlackPipelinefatal: could not read Username for 'https://github.com': Interrupted system call
error: waitpid for git-remote-https failed: No child processes
[main 47ba695] Add demo_hourly_20250605T180548Z.json
 2 files changed, 18 insertions(+)
 create mode 100644 Data/hourly/demo_hourly_20250605T180548Z.json
To github.com:GabrielNixon/SlackPipeline.git
   8adf252..47ba695  main -> main
n
 2 files changed, 19 insertions(+)
 create mode 100644 Data/hourly/demo_hourly_20250605T190719Z.json
To github.com:GabrielNixon/SlackPipeline.git
   05d37bc..e703d93  main -> main
[main 90d1a12] Add demo_hourly_20250605T200719Z.json
 2 files changed, 18 insertions(+)
 create mode 100644 Data/hourly/demo_hourly_20250605T200719Z.json
To github.com:GabrielNixon/SlackPipeline.git
   e703d93..90d1a12  main -> main
[main 52d6e7c] Add demo_hourly_20250605T210719Z.json
 2 files changed, 18 insertions(+)
 create mode 100644 Data/hourly/demo_hourly_20250605T210719Z.json
To github.com:GabrielNixon/SlackPipeline.git
   90d1a12..52d6e7c  main -> main
[main d28ca7a] Add demo_hourly_20250605T220719Z.json
 2 files changed, 18 insertions(+)
 create mode 100644 Data/hourly/demo_hourly_20250605T220719Z.json
To github.com:GabrielNixon/SlackPipeline.git
   52d6e7c..d28ca7a  main -> main
[main 066881e] Add demo_hourly_20250605T230719Z.json
 2 files changed, 18 insertions(+)
 create mode 100644 Data/hourly/demo_hourly_20250605T230719Z.json
To github.com:GabrielNixon/SlackPipeline.git
   d28ca7a..066881e  main -> main
[main f7c4a00] Add demo_hourly_20250606T000719Z.json
 2 files changed, 18 insertions(+)
 create mode 100644 Data/hourly/demo_hourly_20250606T000719Z.json
To github.com:GabrielNixon/SlackPipeline.git
   066881e..f7c4a00  main -> main
[main 7905fb4] Add demo_hourly_20250606T010719Z.json
 2 files changed, 18 insertions(+)
 create mode 100644 Data/hourly/demo_hourly_20250606T010719Z.json
To github.com:GabrielNixon/SlackPipeline.git
   f7c4a00..7905fb4  main -> main
[main 744c642] Add demo_hourly_20250606T020719Z.json
 2 files changed, 18 insertions(+)
 create mode 100644 Data/hourly/demo_hourly_20250606T020719Z.json
To github.com:GabrielNixon/SlackPipeline.git
   7905fb4..744c642  main -> main
[main de8eec6] Add demo_hourly_20250606T030719Z.json
 2 files changed, 18 insertions(+)
 create mode 100644 Data/hourly/demo_hourly_20250606T030719Z.json
To github.com:GabrielNixon/SlackPipeline.git
   744c642..de8eec6  main -> main
[main 45313cc] Add demo_hourly_20250606T040719Z.json
 2 files changed, 18 insertions(+)
 create mode 100644 Data/hourly/demo_hourly_20250606T040719Z.json
To github.com:GabrielNixon/SlackPipeline.git
   de8eec6..45313cc  main -> main
[main d6893a9] Add demo_hourly_20250606T050719Z.json
 2 files changed, 18 insertions(+)
 create mode 100644 Data/hourly/demo_hourly_20250606T050719Z.json
To github.com:GabrielNixon/SlackPipeline.git
   45313cc..d6893a9  main -> main
[main 3f304fd] Add demo_hourly_20250606T060719Z.json
 2 files changed, 18 insertions(+)
 create mode 100644 Data/hourly/demo_hourly_20250606T060719Z.json
To github.com:GabrielNixon/SlackPipeline.git
   d6893a9..3f304fd  main -> main
[main c8b92a9] Add demo_hourly_20250606T070719Z.json
 2 files changed, 18 insertions(+)
 create mode 100644 Data/hourly/demo_hourly_20250606T070719Z.json
To github.com:GabrielNixon/SlackPipeline.git
   3f304fd..c8b92a9  main -> main
[main 5d4d138] Add demo_hourly_20250606T080719Z.json
 2 files changed, 18 insertions(+)
 create mode 100644 Data/hourly/demo_hourly_20250606T080719Z.json
To github.com:GabrielNixon/SlackPipeline.git
   c8b92a9..5d4d138  main -> main
[main 9fdb28d] Add demo_hourly_20250606T090719Z.json
 2 files changed, 18 insertions(+)
 create mode 100644 Data/hourly/demo_hourly_20250606T090719Z.json
To github.com:GabrielNixon/SlackPipeline.git
   5d4d138..9fdb28d  main -> main
[main 46ab98d] Add demo_hourly_20250606T100719Z.json
 2 files changed, 18 insertions(+)
 create mode 100644 Data/hourly/demo_hourly_20250606T100719Z.json
To github.com:GabrielNixon/SlackPipeline.git
   9fdb28d..46ab98d  main -> main
[main 9bae217] Add demo_hourly_20250606T110719Z.json
 2 files changed, 18 insertions(+)
 create mode 100644 Data/hourly/demo_hourly_20250606T110719Z.json
To github.com:GabrielNixon/SlackPipeline.git
   46ab98d..9bae217  main -> main
[main 8adf252] Add demo_hourly_20250606T120719Z.json
 2 files changed, 21 insertions(+), 5 deletions(-)
 create mode 100644 Data/hourly/demo_hourly_20250606T120719Z.json
To github.com:GabrielNixon/SlackPipeline.git
   9bae217..8adf252  main -> main
